2018-02-06 00:36:29 [main] INFO  reader.ReadText - Data is successfully read.
2018-02-06 13:38:15 [main] INFO  reader.ReadText - Data is successfully read.
2018-02-06 17:19:04 [main] INFO  reader.ReadText - Data is successfully read.
2018-02-06 17:31:02 [main] INFO  reader.ReadText - Data is successfully read.
2018-02-06 17:32:46 [main] INFO  reader.ReadText - Data is successfully read.
2018-02-06 17:37:29 [main] INFO  reader.ReadText - Data is successfully read.
2018-02-06 17:42:44 [main] INFO  reader.ReadText - Data is successfully read.
2018-02-06 19:19:32 [main] INFO  reader.ReadText - Text is successfully read.
2018-02-06 19:20:04 [main] INFO  reader.ReadText - Text is successfully read.
2018-02-06 19:23:10 [main] INFO  reader.ReadText - Text is successfully read.
2018-02-06 19:23:36 [main] INFO  reader.ReadText - Text is successfully read.
2018-02-06 19:23:54 [main] INFO  reader.ReadText - Text is successfully read.
2018-02-06 19:24:16 [main] INFO  reader.ReadText - Text is successfully read.
2018-02-07 11:06:33 [main] INFO  reader.ReadText - Text is successfully read.
2018-02-07 11:07:07 [main] INFO  reader.ReadText - Text is successfully read.
2018-02-07 11:07:32 [main] INFO  reader.ReadText - Text is successfully read.
2018-02-07 11:08:23 [main] INFO  reader.ReadText - Text is successfully read.
2018-02-07 11:09:16 [main] INFO  reader.ReadText - Text is successfully read.
2018-02-10 00:23:06 [main] INFO  reader.ReadText - Text is successfully read.
2018-02-11 01:23:06 [main] INFO  reader.ReadText - Text is successfully read.
2018-02-11 01:24:29 [main] INFO  reader.ReadText - Text is successfully read.
2018-02-11 01:25:01 [main] INFO  reader.ReadText - Text is successfully read.
2018-02-11 01:30:52 [main] INFO  reader.ReadText - Text is successfully read.
2018-02-11 01:37:41 [main] INFO  reader.ReadText - Text is successfully read.
2018-02-11 01:39:48 [main] INFO  reader.ReadText - Text is successfully read.
2018-02-11 01:44:08 [main] INFO  reader.ReadText - Text is successfully read.
2018-02-11 01:44:59 [main] INFO  reader.ReadText - Text is successfully read.
2018-02-11 01:46:40 [main] INFO  reader.ReadText - Text is successfully read.
2018-02-11 01:47:08 [main] INFO  reader.ReadText - Text is successfully read.
2018-02-11 01:56:26 [main] INFO  reader.ReadText - Text is successfully read.
2018-02-11 01:56:47 [main] INFO  reader.ReadText - Text is successfully read.
2018-02-11 01:56:59 [main] INFO  reader.ReadText - Text is successfully read.
2018-02-11 01:57:29 [main] INFO  reader.ReadText - Text is successfully read.
2018-02-11 01:57:49 [main] INFO  reader.ReadText - Text is successfully read.
2018-02-11 01:58:25 [main] INFO  reader.ReadText - Text is successfully read.
2018-02-11 02:01:28 [main] INFO  reader.ReadText - Text is successfully read.
2018-02-11 02:08:15 [main] INFO  reader.ReadText - Text is successfully read.
2018-02-11 02:13:28 [main] INFO  reader.ReadText - Text is successfully read.
2018-02-11 02:15:05 [main] INFO  reader.ReadText - Text is successfully read.
2018-02-11 02:22:29 [main] INFO  reader.ReadText - Text is successfully read.
2018-02-11 02:25:03 [main] INFO  reader.ReadText - Text is successfully read.
2018-02-11 02:25:33 [main] INFO  reader.ReadText - Text is successfully read.
2018-02-11 02:27:56 [main] INFO  reader.ReadText - Text is successfully read.
2018-02-11 02:29:00 [main] INFO  reader.ReadText - Text is successfully read.
2018-02-11 02:30:03 [main] INFO  reader.ReadText - Text is successfully read.
2018-02-11 02:37:54 [main] INFO  reader.ReadText - Text is successfully read.
2018-02-11 02:40:15 [main] INFO  reader.ReadText - Text is successfully read.
2018-02-11 02:41:29 [main] INFO  reader.ReadText - Text is successfully read.
2018-02-11 02:51:37 [main] INFO  reader.ReadText - Text is successfully read.
2018-02-11 02:54:58 [main] INFO  reader.ReadText - Text is successfully read.
2018-02-11 02:58:26 [main] INFO  reader.ReadText - Text is successfully read.
2018-02-11 02:58:45 [main] INFO  reader.ReadText - Text is successfully read.
2018-02-11 03:02:04 [main] INFO  reader.ReadText - Text is successfully read.
2018-02-11 03:04:23 [main] INFO  reader.ReadText - Text is successfully read.
2018-02-11 03:05:05 [main] INFO  reader.ReadText - Text is successfully read.
2018-02-11 03:05:27 [main] INFO  reader.ReadText - Text is successfully read.
2018-02-11 03:08:02 [main] INFO  reader.ReadText - Text is successfully read.
2018-02-11 13:55:46 [main] INFO  reader.ReadText - Text is successfully read.
2018-02-11 14:07:01 [main] INFO  reader.ReadText - Text is successfully read.
2018-02-11 14:08:23 [main] INFO  reader.ReadText - Text is successfully read.
2018-02-11 14:09:31 [main] INFO  reader.ReadText - Text is successfully read.
2018-02-11 14:09:55 [main] INFO  reader.ReadText - Text is successfully read.
2018-02-11 14:12:22 [main] INFO  reader.ReadText - Text is successfully read.
2018-02-11 14:13:53 [main] INFO  reader.ReadText - Text is successfully read.
2018-02-11 14:14:01 [main] INFO  reader.ReadText - Text is successfully read.
2018-02-11 14:14:12 [main] INFO  reader.ReadText - Text is successfully read.
2018-02-11 14:17:39 [main] INFO  reader.ReadText - Text is successfully read.
2018-02-11 14:29:27 [main] INFO  reader.ReadText - Text is successfully read.
2018-02-11 14:34:01 [main] INFO  reader.ReadText - Text is successfully read.
2018-02-11 14:34:30 [main] INFO  reader.ReadText - Text is successfully read.
2018-02-11 14:36:53 [main] INFO  reader.ReadText - Text is successfully read.
2018-02-11 14:41:34 [main] INFO  reader.ReadText - Text is successfully read.
2018-02-11 14:41:46 [main] INFO  reader.ReadText - Text is successfully read.
2018-02-11 14:42:12 [main] INFO  reader.ReadText - Text is successfully read.
2018-02-11 14:42:34 [main] INFO  reader.ReadText - Text is successfully read.
2018-02-11 14:52:53 [main] INFO  reader.ReadText - Text is successfully read.
2018-02-11 14:53:53 [main] INFO  reader.ReadText - Text is successfully read.
2018-02-11 14:54:39 [main] INFO  reader.ReadText - Text is successfully read.
2018-02-11 14:56:42 [main] INFO  reader.ReadText - Text is successfully read.
2018-02-11 15:05:05 [main] INFO  reader.ReadText - Text is successfully read.
2018-02-11 15:14:59 [main] INFO  reader.ReadText - Text is successfully read.
2018-02-11 15:20:15 [main] INFO  reader.ReadText - Text is successfully read.
2018-02-11 15:22:12 [main] INFO  reader.ReadText - Text is successfully read.
2018-02-11 15:22:49 [main] INFO  reader.ReadText - Text is successfully read.
2018-02-11 15:26:09 [main] INFO  reader.ReadText - Text is successfully read.
2018-02-11 15:30:55 [main] INFO  reader.ReadText - Text is successfully read.
2018-02-11 16:05:17 [main] INFO  reader.ReadText - Text is successfully read.
2018-02-11 16:06:45 [main] INFO  reader.ReadText - Text is successfully read.
2018-02-11 20:12:39 [main] INFO  reader.ReadText - Text is successfully read.
2018-02-11 23:18:23 [main] INFO  reader.ReadText - Text is successfully read.
2018-02-11 23:19:38 [main] INFO  reader.ReadText - Text is successfully read.
2018-02-11 23:20:14 [main] INFO  reader.ReadText - Text is successfully read.
2018-02-11 23:29:07 [main] INFO  reader.ReadText - Text is successfully read.
2018-02-11 23:31:47 [main] INFO  reader.ReadText - Text is successfully read.
2018-02-11 23:45:22 [main] INFO  reader.ReadText - Text is successfully read.
2018-02-11 23:47:23 [main] INFO  reader.ReadText - Text is successfully read.
2018-02-11 23:48:16 [main] INFO  reader.ReadText - Text is successfully read.
2018-02-11 23:57:45 [main] INFO  reader.ReadText - Text is successfully read.
2018-02-12 00:09:23 [main] INFO  reader.ReadText - Text is successfully read.
2018-02-12 00:11:14 [main] INFO  reader.ReadText - Text is successfully read.
2018-02-12 00:11:29 [main] INFO  reader.ReadText - Text is successfully read.
2018-02-12 00:13:42 [main] INFO  reader.ReadText - Text is successfully read.
2018-02-12 00:18:14 [main] INFO  reader.ReadText - Text is successfully read.
2018-02-12 01:16:43 [main] INFO  reader.ReadText - Text is successfully read.
2018-02-12 01:17:44 [main] INFO  reader.ReadText - Text is successfully read.
2018-02-12 01:19:00 [main] INFO  reader.ReadText - Text is successfully read.
2018-02-12 01:19:32 [main] INFO  reader.ReadText - Text is successfully read.
2018-02-12 01:21:17 [main] INFO  reader.ReadText - Text is successfully read.
2018-02-12 01:31:09 [main] INFO  reader.ReadText - Text is successfully read.
2018-02-12 01:33:21 [main] INFO  reader.ReadText - Text is successfully read.
2018-02-12 01:33:49 [main] INFO  reader.ReadText - Text is successfully read.
2018-02-12 01:34:26 [main] INFO  reader.ReadText - Text is successfully read.
2018-02-12 01:34:56 [main] INFO  reader.ReadText - Text is successfully read.
2018-02-12 01:37:05 [main] INFO  reader.ReadText - Text is successfully read.
2018-02-12 01:38:37 [main] INFO  reader.ReadText - Text is successfully read.
2018-02-12 01:39:23 [main] INFO  reader.ReadText - Text is successfully read.
2018-02-12 01:39:43 [main] INFO  reader.ReadText - Text is successfully read.
2018-02-15 13:36:56 [main] INFO  reader.ReadText - Text is successfully read.
2018-02-15 13:42:30 [main] INFO  reader.ReadText - Text is successfully read.
2018-02-15 13:42:59 [main] INFO  reader.ReadText - Text is successfully read.
2018-02-17 00:02:51 [main] INFO  reader.ReadText - Text is successfully read.
2018-02-17 01:03:22 [main] INFO  reader.ReadText - Text is successfully read.
2018-02-17 01:05:53 [main] INFO  reader.ReadText - Text is successfully read.
2018-02-17 01:06:48 [main] INFO  reader.ReadText - Text is successfully read.
2018-02-17 01:06:57 [main] INFO  reader.ReadText - Text is successfully read.
2018-02-17 01:08:19 [main] INFO  reader.ReadText - Text is successfully read.
2018-02-17 01:10:24 [main] INFO  reader.ReadText - Text is successfully read.
2018-02-17 01:43:41 [main] INFO  reader.ReadText - Text is successfully read.
2018-02-17 13:28:05 [main] INFO  reader.ReadText - Text is successfully read.
2018-02-17 13:58:14 [main] INFO  reader.ReadText - Text is successfully read.
2018-02-17 13:59:10 [main] INFO  reader.ReadText - Text is successfully read.
2018-02-17 14:01:56 [main] INFO  reader.ReadText - Text is successfully read.
2018-02-17 14:02:25 [main] INFO  reader.ReadText - Text is successfully read.
2018-02-17 14:02:55 [main] INFO  reader.ReadText - Text is successfully read.
2018-02-17 14:09:40 [main] INFO  reader.ReadText - Text is successfully read.
2018-02-17 14:12:14 [main] INFO  reader.ReadText - Text is successfully read.
2018-02-17 14:18:27 [main] INFO  reader.ReadText - Text is successfully read.
2018-02-17 14:19:53 [main] INFO  reader.ReadText - Text is successfully read.
2018-02-17 14:23:33 [main] INFO  reader.ReadText - Text is successfully read.
2018-02-17 21:49:54 [main] INFO  reader.ReadText - Text is successfully read.
2018-02-17 21:53:18 [main] INFO  reader.ReadText - Text is successfully read.
2018-02-17 21:54:59 [main] INFO  reader.ReadText - Text is successfully read.
2018-02-17 22:31:32 [main] INFO  reader.ReadText - Text is successfully read.
2018-02-17 23:54:46 [main] INFO  reader.ReadText - Text is successfully read.
2018-02-17 23:55:28 [main] INFO  reader.ReadText - Text is successfully read.
2018-02-17 23:55:54 [main] INFO  reader.ReadText - Text is successfully read.
2018-02-17 23:58:20 [main] INFO  reader.ReadText - Text is successfully read.
2018-02-18 00:03:30 [main] INFO  reader.ReadText - Text is successfully read.
2018-02-18 00:11:03 [main] INFO  reader.ReadText - Text is successfully read.
2018-02-18 00:12:59 [main] INFO  reader.ReadText - Text is successfully read.
2018-02-18 00:22:22 [main] INFO  reader.ReadText - Text is successfully read.
2018-02-18 00:27:20 [main] INFO  reader.ReadText - Text is successfully read.
2018-02-18 00:32:12 [main] INFO  reader.ReadText - Text is successfully read.
2018-02-18 00:35:10 [main] INFO  reader.ReadText - Text is successfully read.
2018-02-18 00:44:38 [main] INFO  reader.ReadText - Text is successfully read.
2018-02-18 00:47:03 [main] INFO  reader.ReadText - Text is successfully read.
2018-02-18 00:49:16 [main] INFO  reader.ReadText - Text is successfully read.
2018-02-18 00:51:16 [main] INFO  reader.ReadText - Text is successfully read.
2018-02-18 00:52:37 [main] INFO  reader.ReadText - Text is successfully read.
2018-02-18 00:56:04 [main] INFO  reader.ReadText - Text is successfully read.
2018-02-18 01:16:51 [main] INFO  reader.ReadText - Text is successfully read.
2018-02-18 19:04:09 [main] INFO  reader.ReadText - Text is successfully read.
2018-02-18 20:20:03 [main] INFO  reader.ReadText - Text is successfully read.
2018-02-18 20:26:17 [main] INFO  reader.ReadText - Text is successfully read.
2018-02-18 20:27:30 [main] INFO  reader.ReadText - Text is successfully read.
2018-02-18 20:57:11 [main] INFO  reader.ReadText - Text is successfully read.
2018-02-18 20:57:41 [main] INFO  reader.ReadText - Text is successfully read.
2018-02-18 21:35:39 [main] INFO  reader.ReadText - Text is successfully read.
2018-02-18 21:38:31 [main] INFO  reader.ReadText - Text is successfully read.
2018-02-18 21:42:10 [main] INFO  reader.ReadText - Text is successfully read.
2018-02-18 21:43:09 [main] INFO  reader.ReadText - Text is successfully read.
2018-02-18 21:45:16 [main] INFO  reader.ReadText - Text is successfully read.
2018-02-18 23:12:38 [main] INFO  reader.ReadText - Text is successfully read.
2018-02-18 23:15:10 [main] INFO  reader.ReadText - Text is successfully read.
2018-02-18 23:18:14 [main] INFO  reader.ReadText - Text is successfully read.
2018-02-18 23:19:41 [main] INFO  reader.ReadText - Text is successfully read.
2018-02-18 23:19:55 [main] INFO  reader.ReadText - Text is successfully read.
2018-02-18 23:20:11 [main] INFO  reader.ReadText - Text is successfully read.
2018-02-18 23:21:19 [main] INFO  reader.ReadText - Text is successfully read.
2018-02-18 23:21:35 [main] INFO  reader.ReadText - Text is successfully read.
2018-02-18 23:21:51 [main] INFO  reader.ReadText - Text is successfully read.
2018-02-18 23:23:30 [main] INFO  reader.ReadText - Text is successfully read.
2018-02-18 23:23:40 [main] INFO  reader.ReadText - Text is successfully read.
2018-02-18 23:24:42 [main] INFO  reader.ReadText - Text is successfully read.
2018-02-18 23:25:06 [main] INFO  reader.ReadText - Text is successfully read.
2018-02-18 23:25:36 [main] INFO  reader.ReadText - Text is successfully read.
2018-02-18 23:26:11 [main] INFO  reader.ReadText - Text is successfully read.
2018-02-18 23:29:50 [main] INFO  reader.ReadText - Text is successfully read.
2018-02-18 23:30:04 [main] INFO  reader.ReadText - Text is successfully read.
2018-02-18 23:30:33 [main] INFO  reader.ReadText - Text is successfully read.
2018-02-18 23:38:18 [main] INFO  reader.ReadText - Text is successfully read.
2018-02-18 23:48:33 [main] INFO  reader.ReadText - Text is successfully read.
2018-02-19 00:14:35 [main] INFO  reader.ReadText - Text is successfully read.
2018-02-19 00:16:46 [main] INFO  reader.ReadText - Text is successfully read.
2018-02-19 00:21:08 [main] INFO  reader.ReadText - Text is successfully read.
2018-02-19 00:21:54 [main] INFO  reader.ReadText - Text is successfully read.
2018-02-19 16:56:52 [main] INFO  reader.ReadText - Text is successfully read.
2018-02-19 17:09:17 [main] INFO  reader.ReadText - Text is successfully read.
2018-02-19 17:12:42 [main] INFO  reader.ReadText - Text is successfully read.
2018-02-20 00:34:39 [main] INFO  reader.ReadText - Text is successfully read.
2018-02-20 00:38:31 [main] INFO  reader.ReadText - Text is successfully read.
2018-02-20 00:59:21 [main] INFO  reader.ReadText - Text is successfully read.
2018-02-20 01:02:09 [main] INFO  reader.ReadText - Text is successfully read.
2018-02-20 01:03:41 [main] INFO  reader.ReadText - Text is successfully read.
2018-02-20 01:05:05 [main] INFO  reader.ReadText - Text is successfully read.
2018-02-20 01:10:20 [main] INFO  reader.ReadText - Text is successfully read.
2018-02-20 01:15:24 [main] INFO  reader.ReadText - Text is successfully read.
2018-02-20 01:19:55 [main] INFO  reader.ReadText - Text is successfully read.
2018-02-20 01:21:27 [main] INFO  reader.ReadText - Text is successfully read.
2018-02-20 01:37:02 [main] INFO  reader.ReadText - Text is successfully read.
2018-02-20 01:40:44 [main] INFO  reader.ReadText - Text is successfully read.
2018-02-20 01:42:22 [main] INFO  reader.ReadText - Text is successfully read.
2018-02-20 01:43:00 [main] INFO  reader.ReadText - Text is successfully read.
2018-02-20 01:43:38 [main] INFO  reader.ReadText - Text is successfully read.
2018-02-20 01:43:56 [main] FATAL reader.ReadText catching
java.io.FileNotFoundException: data\doubleSimple.txt (Не удается найти указанный файл)
	at java.io.FileInputStream.open0(Native Method) ~[?:1.8.0_121]
	at java.io.FileInputStream.open(FileInputStream.java:195) ~[?:1.8.0_121]
	at java.io.FileInputStream.<init>(FileInputStream.java:138) ~[?:1.8.0_121]
	at java.io.FileInputStream.<init>(FileInputStream.java:93) ~[?:1.8.0_121]
	at reader.ReadText.read(ReadText.java:24) [Task_InformationHandling/:?]
	at Main.main(Main.java:21) [Task_InformationHandling/:?]
2018-02-20 01:45:26 [main] FATAL reader.ReadText catching
java.io.FileNotFoundException: data\doubleSimple.txt (Не удается найти указанный файл)
	at java.io.FileInputStream.open0(Native Method) ~[?:1.8.0_121]
	at java.io.FileInputStream.open(FileInputStream.java:195) ~[?:1.8.0_121]
	at java.io.FileInputStream.<init>(FileInputStream.java:138) ~[?:1.8.0_121]
	at java.io.FileInputStream.<init>(FileInputStream.java:93) ~[?:1.8.0_121]
	at reader.ReadText.read(ReadText.java:24) [Task_InformationHandling/:?]
	at Main.main(Main.java:21) [Task_InformationHandling/:?]
2018-02-20 01:45:48 [main] INFO  reader.ReadText - Text is successfully read.
2018-02-20 01:50:23 [main] INFO  reader.ReadText - Text is successfully read.
2018-02-20 01:50:53 [main] INFO  reader.ReadText - Text is successfully read.
2018-02-20 01:53:11 [main] INFO  reader.ReadText - Text is successfully read.
2018-02-20 01:54:18 [main] INFO  reader.ReadText - Text is successfully read.
2018-02-20 01:54:37 [main] INFO  reader.ReadText - Text is successfully read.
2018-02-20 01:55:10 [main] INFO  reader.ReadText - Text is successfully read.
2018-02-20 01:55:43 [main] INFO  reader.ReadText - Text is successfully read.
2018-02-20 02:08:38 [main] INFO  reader.ReadText - Text is successfully read.
2018-02-20 03:17:36 [main] INFO  reader.ReadText - Text is successfully read.
2018-02-20 03:18:13 [main] INFO  reader.ReadText - Text is successfully read.
2018-02-20 03:18:21 [main] INFO  reader.ReadText - Text is successfully read.
2018-02-20 03:23:57 [main] INFO  reader.ReadText - Text is successfully read.
2018-02-20 03:27:51 [main] INFO  reader.ReadText - Text is successfully read.
2018-02-20 03:28:40 [main] INFO  reader.ReadText - Text is successfully read.
2018-02-20 03:29:36 [main] INFO  reader.ReadText - Text is successfully read.
2018-02-20 03:31:21 [main] INFO  reader.ReadText - Text is successfully read.
2018-02-20 03:37:05 [main] INFO  reader.ReadText - Text is successfully read.
2018-02-20 03:38:59 [main] INFO  reader.ReadText - Text is successfully read.
2018-02-20 03:43:43 [main] INFO  reader.ReadText - Text is successfully read.
2018-02-20 03:43:59 [main] INFO  reader.ReadText - Text is successfully read.
2018-02-20 03:44:18 [main] INFO  reader.ReadText - Text is successfully read.
2018-02-20 03:44:32 [main] INFO  reader.ReadText - Text is successfully read.
2018-02-20 03:44:52 [main] INFO  reader.ReadText - Text is successfully read.
2018-02-20 17:45:10 [main] INFO  by.pivovarevich.task2.reader.ReadText - Text is successfully read.
2018-02-20 18:18:17 [main] INFO  by.pivovarevich.task2.reader.ReadText - Text is successfully read.
2018-02-21 10:49:16 [main] INFO  by.pivovarevich.task2.reader.ReadText - Text is successfully read.
2018-02-21 10:50:09 [main] INFO  by.pivovarevich.task2.reader.ReadText - Text is successfully read.
2018-02-21 10:50:46 [main] INFO  by.pivovarevich.task2.reader.ReadText - Text is successfully read.
2018-02-21 10:51:44 [main] INFO  by.pivovarevich.task2.reader.ReadText - Text is successfully read.
2018-02-21 10:52:18 [main] INFO  by.pivovarevich.task2.reader.ReadText - Text is successfully read.
2018-02-21 10:54:30 [main] INFO  by.pivovarevich.task2.reader.ReadText - Text is successfully read.
2018-02-21 11:01:25 [main] INFO  by.pivovarevich.task2.reader.ReadText - Text is successfully read.
2018-02-21 11:01:35 [main] INFO  by.pivovarevich.task2.reader.ReadText - Text is successfully read.
2018-02-21 11:05:49 [main] INFO  by.pivovarevich.task2.reader.ReadText - Text is successfully read.
2018-02-21 11:09:24 [main] INFO  by.pivovarevich.task2.reader.ReadText - Text is successfully read.
2018-02-21 11:23:04 [main] INFO  by.pivovarevich.task2.reader.ReadText - Text is successfully read.
2018-02-21 11:23:56 [main] INFO  by.pivovarevich.task2.reader.ReadText - Text is successfully read.
2018-02-21 11:24:46 [main] INFO  by.pivovarevich.task2.reader.ReadText - Text is successfully read.
2018-02-21 11:24:55 [main] INFO  by.pivovarevich.task2.reader.ReadText - Text is successfully read.
2018-02-21 11:27:11 [main] INFO  by.pivovarevich.task2.reader.ReadText - Text is successfully read.
2018-02-21 11:27:28 [main] INFO  by.pivovarevich.task2.reader.ReadText - Text is successfully read.
2018-02-21 11:27:40 [main] INFO  by.pivovarevich.task2.reader.ReadText - Text is successfully read.
2018-02-21 11:28:20 [main] INFO  by.pivovarevich.task2.reader.ReadText - Text is successfully read.
2018-02-21 11:28:51 [main] INFO  by.pivovarevich.task2.reader.ReadText - Text is successfully read.
2018-02-21 11:28:59 [main] INFO  by.pivovarevich.task2.reader.ReadText - Text is successfully read.
2018-02-21 11:30:36 [main] INFO  by.pivovarevich.task2.reader.ReadText - Text is successfully read.
2018-02-21 13:45:08 [main] INFO  by.pivovarevich.task2.reader.ReadText - Text is successfully read.
2018-02-21 13:45:55 [main] INFO  by.pivovarevich.task2.reader.ReadText - Text is successfully read.
2018-02-21 13:46:56 [main] INFO  by.pivovarevich.task2.reader.ReadText - Text is successfully read.
2018-02-21 13:48:10 [main] INFO  by.pivovarevich.task2.reader.ReadText - Text is successfully read.
2018-02-21 13:48:27 [main] INFO  by.pivovarevich.task2.reader.ReadText - Text is successfully read.
2018-02-21 13:51:31 [main] INFO  by.pivovarevich.task2.reader.ReadText - Text is successfully read.
2018-02-21 13:51:38 [main] INFO  by.pivovarevich.task2.reader.ReadText - Text is successfully read.
2018-02-21 13:53:23 [main] INFO  by.pivovarevich.task2.reader.ReadText - Text is successfully read.
2018-02-21 14:10:40 [main] INFO  by.pivovarevich.task2.reader.ReadText - Text is successfully read.
2018-02-21 14:11:03 [main] INFO  by.pivovarevich.task2.reader.ReadText - Text is successfully read.
2018-02-21 14:11:26 [main] INFO  by.pivovarevich.task2.reader.ReadText - Text is successfully read.
2018-02-21 14:16:07 [main] INFO  by.pivovarevich.task2.reader.ReadText - Text is successfully read.
2018-02-21 14:16:22 [main] INFO  by.pivovarevich.task2.reader.ReadText - Text is successfully read.
2018-02-21 14:21:01 [main] INFO  by.pivovarevich.task2.reader.ReadText - Text is successfully read.
2018-02-21 14:43:40 [main] INFO  by.pivovarevich.task2.reader.ReadText - Text is successfully read.
2018-02-21 15:08:29 [main] INFO  by.pivovarevich.task2.reader.ReadText - Text is successfully read.
2018-02-21 15:10:40 [main] INFO  by.pivovarevich.task2.reader.ReadText - Text is successfully read.
2018-02-21 15:15:11 [main] INFO  by.pivovarevich.task2.reader.ReadText - Text is successfully read.
2018-02-21 15:16:22 [main] INFO  by.pivovarevich.task2.reader.ReadText - Text is successfully read.
2018-02-21 15:22:59 [main] INFO  by.pivovarevich.task2.reader.ReadText - Text is successfully read.
2018-02-21 16:38:40 [main] INFO  by.pivovarevich.task2.reader.ReadText - Text is successfully read.
2018-02-21 22:33:09 [main] INFO  by.pivovarevich.task2.reader.ReadText - Text is successfully read.
2018-02-21 22:33:09 [main] INFO  by.pivovarevich.task2.parser.WholeTextParser - Text is successfully taken apart.
2018-02-21 22:52:17 [main] INFO  by.pivovarevich.task2.reader.ReadText - Text is successfully read.
2018-02-21 22:55:01 [main] INFO  by.pivovarevich.task2.reader.ReadText - Text is successfully read.
2018-02-21 22:58:34 [main] INFO  by.pivovarevich.task2.reader.ReadText - Text is successfully read.
2018-02-21 23:05:36 [main] INFO  by.pivovarevich.task2.reader.ReadText - Text is successfully read.
2018-02-21 23:05:36 [main] INFO  by.pivovarevich.task2.parser.WholeTextParser - Text is successfully taken apart.
2018-02-21 23:16:29 [main] INFO  by.pivovarevich.task2.reader.ReadText - Text is successfully read.
2018-02-21 23:16:30 [main] INFO  by.pivovarevich.task2.parser.WholeTextParser - Text is successfully taken apart.
2018-02-21 23:17:41 [main] INFO  by.pivovarevich.task2.reader.ReadText - Text is successfully read.
2018-02-21 23:17:41 [main] INFO  by.pivovarevich.task2.parser.WholeTextParser - Text is successfully taken apart.
2018-02-21 23:17:50 [main] INFO  by.pivovarevich.task2.reader.ReadText - Text is successfully read.
2018-02-21 23:17:50 [main] INFO  by.pivovarevich.task2.parser.WholeTextParser - Text is successfully taken apart.
2018-02-21 23:29:14 [main] INFO  by.pivovarevich.task2.reader.ReadText - Text is successfully read.
2018-02-21 23:29:15 [main] INFO  by.pivovarevich.task2.parser.WholeTextParser - Text is successfully taken apart.
2018-02-21 23:29:40 [main] INFO  by.pivovarevich.task2.reader.ReadText - Text is successfully read.
2018-02-21 23:29:40 [main] INFO  by.pivovarevich.task2.parser.WholeTextParser - Text is successfully taken apart.
2018-02-21 23:30:55 [main] INFO  by.pivovarevich.task2.reader.ReadText - Text is successfully read.
2018-02-21 23:30:55 [main] INFO  by.pivovarevich.task2.parser.WholeTextParser - Text is successfully taken apart.
2018-02-21 23:40:01 [main] INFO  by.pivovarevich.task2.reader.ReadText - Text is successfully read.
2018-02-21 23:40:01 [main] INFO  by.pivovarevich.task2.parser.WholeTextParser - Text is successfully taken apart.
2018-02-21 23:40:06 [main] INFO  by.pivovarevich.task2.reader.ReadText - Text is successfully read.
2018-02-21 23:40:06 [main] INFO  by.pivovarevich.task2.parser.WholeTextParser - Text is successfully taken apart.
2018-02-21 23:41:13 [main] INFO  by.pivovarevich.task2.reader.ReadText - Text is successfully read.
2018-02-21 23:41:13 [main] INFO  by.pivovarevich.task2.parser.WholeTextParser - Text is successfully taken apart.
2018-02-21 23:46:52 [main] INFO  by.pivovarevich.task2.reader.ReadText - Text is successfully read.
2018-02-21 23:46:52 [main] INFO  by.pivovarevich.task2.parser.WholeTextParser - Text is successfully taken apart.
2018-02-22 00:04:36 [main] INFO  by.pivovarevich.task2.reader.ReadText - Text is successfully read.
2018-02-22 00:04:36 [main] INFO  by.pivovarevich.task2.parser.WholeTextParser - Text is successfully taken apart.
2018-02-22 00:05:17 [main] INFO  by.pivovarevich.task2.reader.ReadText - Text is successfully read.
2018-02-22 00:05:17 [main] INFO  by.pivovarevich.task2.parser.WholeTextParser - Text is successfully taken apart.
2018-02-22 00:06:08 [main] INFO  by.pivovarevich.task2.reader.ReadText - Text is successfully read.
2018-02-22 00:06:08 [main] INFO  by.pivovarevich.task2.parser.WholeTextParser - Text is successfully taken apart.
2018-02-22 00:17:11 [main] INFO  by.pivovarevich.task2.reader.ReadText - Text is successfully read.
2018-02-22 00:17:11 [main] INFO  by.pivovarevich.task2.parser.WholeTextParser - Text is successfully taken apart.
2018-02-22 00:18:03 [main] INFO  by.pivovarevich.task2.reader.ReadText - Text is successfully read.
2018-02-22 00:18:03 [main] INFO  by.pivovarevich.task2.parser.WholeTextParser - Text is successfully taken apart.
2018-02-22 00:22:46 [main] INFO  by.pivovarevich.task2.reader.ReadText - Text is successfully read.
2018-02-22 00:22:46 [main] INFO  by.pivovarevich.task2.parser.WholeTextParser - Text is successfully taken apart.
2018-02-22 00:24:32 [main] INFO  by.pivovarevich.task2.reader.ReadText - Text is successfully read.
2018-02-22 00:24:32 [main] INFO  by.pivovarevich.task2.parser.WholeTextParser - Text is successfully taken apart.
2018-02-22 00:28:00 [main] INFO  by.pivovarevich.task2.reader.ReadText - Text is successfully read.
2018-02-22 00:28:00 [main] INFO  by.pivovarevich.task2.parser.WholeTextParser - Text is successfully taken apart.
2018-02-22 00:28:54 [main] INFO  by.pivovarevich.task2.reader.ReadText - Text is successfully read.
2018-02-22 00:28:54 [main] INFO  by.pivovarevich.task2.parser.WholeTextParser - Text is successfully taken apart.
2018-02-22 00:30:08 [main] INFO  by.pivovarevich.task2.reader.ReadText - Text is successfully read.
2018-02-22 00:30:08 [main] INFO  by.pivovarevich.task2.parser.WholeTextParser - Text is successfully taken apart.
2018-02-22 00:31:37 [main] INFO  by.pivovarevich.task2.reader.ReadText - Text is successfully read.
2018-02-22 00:31:37 [main] INFO  by.pivovarevich.task2.parser.WholeTextParser - Text is successfully taken apart.
2018-02-22 00:31:44 [main] INFO  by.pivovarevich.task2.reader.ReadText - Text is successfully read.
2018-02-22 00:32:28 [main] INFO  by.pivovarevich.task2.reader.ReadText - Text is successfully read.
2018-02-22 00:33:17 [main] INFO  by.pivovarevich.task2.reader.ReadText - Text is successfully read.
2018-02-22 00:34:27 [main] INFO  by.pivovarevich.task2.reader.ReadText - Text is successfully read.
2018-02-22 00:36:59 [main] INFO  by.pivovarevich.task2.reader.ReadText - Text is successfully read.
2018-02-22 00:36:59 [main] INFO  by.pivovarevich.task2.parser.WholeTextParser - Text is successfully taken apart.
2018-02-22 00:41:23 [main] INFO  by.pivovarevich.task2.reader.ReadText - Text is successfully read.
2018-02-22 00:41:23 [main] INFO  by.pivovarevich.task2.parser.WholeTextParser - Text is successfully taken apart.
2018-02-22 00:42:52 [main] INFO  by.pivovarevich.task2.reader.ReadText - Text is successfully read.
2018-02-22 00:42:52 [main] INFO  by.pivovarevich.task2.parser.WholeTextParser - Text is successfully taken apart.
2018-02-22 00:43:40 [main] INFO  by.pivovarevich.task2.reader.ReadText - Text is successfully read.
2018-02-22 00:43:40 [main] INFO  by.pivovarevich.task2.parser.WholeTextParser - Text is successfully taken apart.
2018-02-22 00:44:34 [main] INFO  by.pivovarevich.task2.reader.ReadText - Text is successfully read.
2018-02-22 00:44:34 [main] INFO  by.pivovarevich.task2.parser.WholeTextParser - Text is successfully taken apart.
2018-02-22 00:44:49 [main] INFO  by.pivovarevich.task2.reader.ReadText - Text is successfully read.
2018-02-22 00:44:49 [main] INFO  by.pivovarevich.task2.parser.WholeTextParser - Text is successfully taken apart.
2018-02-22 00:45:36 [main] INFO  by.pivovarevich.task2.reader.ReadText - Text is successfully read.
2018-02-22 00:45:36 [main] INFO  by.pivovarevich.task2.parser.WholeTextParser - Text is successfully taken apart.
2018-02-22 00:45:55 [main] INFO  by.pivovarevich.task2.reader.ReadText - Text is successfully read.
2018-02-22 00:45:55 [main] INFO  by.pivovarevich.task2.parser.WholeTextParser - Text is successfully taken apart.
2018-02-22 00:46:19 [main] INFO  by.pivovarevich.task2.reader.ReadText - Text is successfully read.
2018-02-22 00:46:19 [main] INFO  by.pivovarevich.task2.parser.WholeTextParser - Text is successfully taken apart.
2018-02-22 00:49:14 [main] INFO  by.pivovarevich.task2.reader.ReadText - Text is successfully read.
2018-02-22 00:49:14 [main] INFO  by.pivovarevich.task2.parser.WholeTextParser - Text is successfully taken apart.
2018-02-22 00:49:20 [main] INFO  by.pivovarevich.task2.reader.ReadText - Text is successfully read.
2018-02-22 00:49:20 [main] INFO  by.pivovarevich.task2.parser.WholeTextParser - Text is successfully taken apart.
2018-02-22 00:51:25 [main] INFO  by.pivovarevich.task2.reader.ReadText - Text is successfully read.
2018-02-22 00:51:25 [main] INFO  by.pivovarevich.task2.parser.WholeTextParser - Text is successfully taken apart.
2018-02-22 00:54:05 [main] INFO  by.pivovarevich.task2.reader.ReadText - Text is successfully read.
2018-02-22 00:54:05 [main] INFO  by.pivovarevich.task2.parser.WholeTextParser - Text is successfully taken apart.
2018-02-22 00:59:52 [main] INFO  by.pivovarevich.task2.reader.ReadText - Text is successfully read.
2018-02-22 01:01:00 [main] INFO  by.pivovarevich.task2.reader.ReadText - Text is successfully read.
2018-02-22 01:01:52 [main] INFO  by.pivovarevich.task2.reader.ReadText - Text is successfully read.
2018-02-22 01:01:52 [main] INFO  by.pivovarevich.task2.parser.WholeTextParser - Text is successfully taken apart.
2018-02-22 01:03:55 [main] INFO  by.pivovarevich.task2.reader.ReadText - Text is successfully read.
2018-02-22 01:03:55 [main] INFO  by.pivovarevich.task2.parser.WholeTextParser - Text is successfully taken apart.
2018-02-22 01:04:05 [main] INFO  by.pivovarevich.task2.reader.ReadText - Text is successfully read.
2018-02-22 01:04:05 [main] INFO  by.pivovarevich.task2.parser.WholeTextParser - Text is successfully taken apart.
2018-02-22 01:10:17 [main] INFO  by.pivovarevich.task2.reader.ReadText - Text is successfully read.
2018-02-22 01:10:17 [main] INFO  by.pivovarevich.task2.parser.WholeTextParser - Text is successfully taken apart.
2018-02-22 01:12:20 [main] INFO  by.pivovarevich.task2.reader.ReadText - Text is successfully read.
2018-02-22 01:12:20 [main] INFO  by.pivovarevich.task2.parser.WholeTextParser - Text is successfully taken apart.
2018-02-23 22:51:47 [main] INFO  by.pivovarevich.task2.reader.ReadText - Text is successfully read.
2018-02-23 22:51:47 [main] INFO  by.pivovarevich.task2.parser.WholeTextParser - Text is successfully taken apart.
